<?xml version="1.0" encoding="UTF-8"?>
<coverage generated="1741344396617" clover="3.2.0">
  <project timestamp="1741344396617" name="All files">
    <metrics statements="78" coveredstatements="72" conditionals="37" coveredconditionals="30" methods="19" coveredmethods="19" elements="134" coveredelements="121" complexity="0" loc="78" ncloc="78" packages="2" files="6" classes="6"/>
    <package name="src">
      <metrics statements="17" coveredstatements="17" conditionals="8" coveredconditionals="6" methods="4" coveredmethods="4"/>
      <file name="App.jsx" path="/Users/olya/Documents/GitHub/meet/src/App.jsx">
        <metrics statements="16" coveredstatements="16" conditionals="8" coveredconditionals="6" methods="4" coveredmethods="4"/>
        <line num="10" count="7" type="stmt"/>
        <line num="11" count="71" type="stmt"/>
        <line num="12" count="66" type="stmt"/>
        <line num="13" count="66" type="stmt"/>
        <line num="14" count="66" type="stmt"/>
        <line num="15" count="66" type="stmt"/>
        <line num="16" count="66" type="stmt"/>
        <line num="18" count="66" type="stmt"/>
        <line num="19" count="32" type="stmt"/>
        <line num="20" count="32" type="stmt"/>
        <line num="21" count="32" type="cond" truecount="2" falsecount="0"/>
        <line num="24" count="96" type="cond" truecount="2" falsecount="0"/>
        <line num="27" count="32" type="stmt"/>
        <line num="28" count="32" type="stmt"/>
        <line num="31" count="32" type="stmt"/>
        <line num="34" count="66" type="stmt"/>
      </file>
      <file name="mock-data.js" path="/Users/olya/Documents/GitHub/meet/src/mock-data.js">
        <metrics statements="1" coveredstatements="1" conditionals="0" coveredconditionals="0" methods="0" coveredmethods="0"/>
        <line num="1" count="8" type="stmt"/>
      </file>
    </package>
    <package name="src.components">
      <metrics statements="61" coveredstatements="55" conditionals="29" coveredconditionals="24" methods="15" coveredmethods="15"/>
      <file name="CitySearch.jsx" path="/Users/olya/Documents/GitHub/meet/src/components/CitySearch.jsx">
        <metrics statements="32" coveredstatements="30" conditionals="10" coveredconditionals="8" methods="7" coveredmethods="7"/>
        <line num="3" count="7" type="stmt"/>
        <line num="4" count="150" type="stmt"/>
        <line num="5" count="150" type="stmt"/>
        <line num="6" count="150" type="stmt"/>
        <line num="9" count="150" type="stmt"/>
        <line num="10" count="55" type="stmt"/>
        <line num="13" count="150" type="stmt"/>
        <line num="14" count="22" type="stmt"/>
        <line num="15" count="22" type="stmt"/>
        <line num="16" count="22" type="stmt"/>
        <line num="19" count="22" type="cond" truecount="2" falsecount="0"/>
        <line num="20" count="1" type="stmt"/>
        <line num="21" count="1" type="stmt"/>
        <line num="23" count="21" type="stmt"/>
        <line num="24" count="63" type="cond" truecount="2" falsecount="0"/>
        <line num="26" count="21" type="stmt"/>
        <line num="28" count="21" type="cond" truecount="1" falsecount="1"/>
        <line num="29" count="21" type="stmt"/>
        <line num="31" count="0" type="stmt"/>
        <line num="34" count="21" type="cond" truecount="1" falsecount="1"/>
        <line num="35" count="0" type="stmt"/>
        <line num="37" count="21" type="stmt"/>
        <line num="39" count="21" type="stmt"/>
        <line num="43" count="150" type="stmt"/>
        <line num="44" count="4" type="stmt"/>
        <line num="45" count="4" type="stmt"/>
        <line num="46" count="4" type="stmt"/>
        <line num="47" count="4" type="stmt"/>
        <line num="48" count="4" type="stmt"/>
        <line num="51" count="150" type="stmt"/>
        <line num="59" count="5" type="stmt"/>
        <line num="64" count="47" type="stmt"/>
      </file>
      <file name="Event.jsx" path="/Users/olya/Documents/GitHub/meet/src/components/Event.jsx">
        <metrics statements="13" coveredstatements="11" conditionals="13" coveredconditionals="11" methods="3" coveredmethods="3"/>
        <line num="4" count="8" type="cond" truecount="0" falsecount="1"/>
        <line num="5" count="857" type="stmt"/>
        <line num="7" count="857" type="stmt"/>
        <line num="9" count="857" type="stmt"/>
        <line num="10" count="857" type="cond" truecount="2" falsecount="0"/>
        <line num="11" count="849" type="stmt"/>
        <line num="12" count="849" type="stmt"/>
        <line num="13" count="849" type="stmt"/>
        <line num="15" count="0" type="stmt"/>
        <line num="16" count="0" type="stmt"/>
        <line num="20" count="857" type="stmt"/>
        <line num="29" count="6" type="stmt"/>
        <line num="44" count="8" type="stmt"/>
      </file>
      <file name="EventList.jsx" path="/Users/olya/Documents/GitHub/meet/src/components/EventList.jsx">
        <metrics statements="3" coveredstatements="3" conditionals="1" coveredconditionals="1" methods="2" coveredmethods="2"/>
        <line num="4" count="7" type="cond" truecount="1" falsecount="0"/>
        <line num="5" count="67" type="stmt"/>
        <line num="8" count="844" type="stmt"/>
      </file>
      <file name="NumberOfEvents.jsx" path="/Users/olya/Documents/GitHub/meet/src/components/NumberOfEvents.jsx">
        <metrics statements="13" coveredstatements="11" conditionals="5" coveredconditionals="4" methods="3" coveredmethods="3"/>
        <line num="3" count="7" type="cond" truecount="1" falsecount="0"/>
        <line num="4" count="71" type="stmt"/>
        <line num="6" count="71" type="stmt"/>
        <line num="7" count="16" type="stmt"/>
        <line num="8" count="16" type="stmt"/>
        <line num="9" count="16" type="stmt"/>
        <line num="12" count="16" type="cond" truecount="3" falsecount="1"/>
        <line num="13" count="0" type="stmt"/>
        <line num="15" count="0" type="stmt"/>
        <line num="18" count="16" type="stmt"/>
        <line num="20" count="16" type="stmt"/>
        <line num="21" count="16" type="stmt"/>
        <line num="25" count="71" type="stmt"/>
      </file>
    </package>
  </project>
</coverage>
