<?xml version="1.0" encoding="UTF-8"?>
<coverage generated="1740740068985" clover="3.2.0">
  <project timestamp="1740740068986" name="All files">
    <metrics statements="112" coveredstatements="74" conditionals="48" coveredconditionals="24" methods="25" coveredmethods="21" elements="185" coveredelements="119" complexity="0" loc="112" ncloc="112" packages="2" files="7" classes="7"/>
    <package name="src">
      <metrics statements="62" coveredstatements="27" conditionals="26" coveredconditionals="5" methods="11" coveredmethods="7"/>
      <file name="App.jsx" path="/Users/olya/Documents/GitHub/meet/src/App.jsx">
        <metrics statements="14" coveredstatements="14" conditionals="4" coveredconditionals="4" methods="4" coveredmethods="4"/>
        <line num="10" count="4" type="stmt"/>
        <line num="11" count="38" type="stmt"/>
        <line num="12" count="36" type="stmt"/>
        <line num="13" count="36" type="stmt"/>
        <line num="14" count="36" type="stmt"/>
        <line num="16" count="36" type="stmt"/>
        <line num="17" count="18" type="stmt"/>
        <line num="20" count="36" type="stmt"/>
        <line num="21" count="18" type="stmt"/>
        <line num="24" count="18" type="cond" truecount="2" falsecount="0"/>
        <line num="27" count="32" type="cond" truecount="2" falsecount="0"/>
        <line num="32" count="18" type="stmt"/>
        <line num="33" count="18" type="stmt"/>
        <line num="36" count="36" type="stmt"/>
      </file>
      <file name="api.js" path="/Users/olya/Documents/GitHub/meet/src/api.js">
        <metrics statements="47" coveredstatements="12" conditionals="22" coveredconditionals="1" methods="7" coveredmethods="3"/>
        <line num="3" count="5" type="stmt"/>
        <line num="13" count="5" type="stmt"/>
        <line num="14" count="608" type="stmt"/>
        <line num="15" count="19" type="stmt"/>
        <line num="16" count="19" type="stmt"/>
        <line num="20" count="5" type="stmt"/>
        <line num="21" count="0" type="stmt"/>
        <line num="24" count="0" type="stmt"/>
        <line num="25" count="0" type="stmt"/>
        <line num="29" count="5" type="stmt"/>
        <line num="31" count="0" type="cond" truecount="0" falsecount="4"/>
        <line num="32" count="0" type="stmt"/>
        <line num="37" count="0" type="stmt"/>
        <line num="39" count="0" type="stmt"/>
        <line num="40" count="0" type="stmt"/>
        <line num="45" count="5" type="stmt"/>
        <line num="46" count="0" type="stmt"/>
        <line num="47" count="0" type="stmt"/>
        <line num="52" count="0" type="stmt"/>
        <line num="53" count="0" type="cond" truecount="0" falsecount="2"/>
        <line num="55" count="0" type="stmt"/>
        <line num="59" count="5" type="stmt"/>
        <line num="60" count="0" type="stmt"/>
        <line num="61" count="0" type="cond" truecount="0" falsecount="2"/>
        <line num="63" count="0" type="cond" truecount="0" falsecount="4"/>
        <line num="64" count="0" type="stmt"/>
        <line num="65" count="0" type="stmt"/>
        <line num="66" count="0" type="stmt"/>
        <line num="67" count="0" type="cond" truecount="0" falsecount="2"/>
        <line num="68" count="0" type="stmt"/>
        <line num="71" count="0" type="stmt"/>
        <line num="72" count="0" type="stmt"/>
        <line num="73" count="0" type="stmt"/>
        <line num="75" count="0" type="cond" truecount="0" falsecount="2"/>
        <line num="77" count="0" type="stmt"/>
        <line num="84" count="5" type="stmt"/>
        <line num="85" count="26" type="cond" truecount="1" falsecount="1"/>
        <line num="86" count="26" type="stmt"/>
        <line num="89" count="0" type="stmt"/>
        <line num="91" count="0" type="cond" truecount="0" falsecount="2"/>
        <line num="92" count="0" type="stmt"/>
        <line num="94" count="0" type="stmt"/>
        <line num="97" count="0" type="stmt"/>
        <line num="98" count="0" type="stmt"/>
        <line num="99" count="0" type="cond" truecount="0" falsecount="2"/>
        <line num="100" count="0" type="stmt"/>
        <line num="101" count="0" type="stmt"/>
      </file>
      <file name="mock-data.js" path="/Users/olya/Documents/GitHub/meet/src/mock-data.js">
        <metrics statements="1" coveredstatements="1" conditionals="0" coveredconditionals="0" methods="0" coveredmethods="0"/>
        <line num="1" count="5" type="stmt"/>
      </file>
    </package>
    <package name="src.components">
      <metrics statements="50" coveredstatements="47" conditionals="22" coveredconditionals="19" methods="14" coveredmethods="14"/>
      <file name="CitySearch.jsx" path="/Users/olya/Documents/GitHub/meet/src/components/CitySearch.jsx">
        <metrics statements="27" coveredstatements="26" conditionals="8" coveredconditionals="7" methods="7" coveredmethods="7"/>
        <line num="3" count="4" type="stmt"/>
        <line num="4" count="87" type="stmt"/>
        <line num="5" count="87" type="stmt"/>
        <line num="6" count="87" type="stmt"/>
        <line num="8" count="87" type="stmt"/>
        <line num="9" count="33" type="stmt"/>
        <line num="12" count="87" type="stmt"/>
        <line num="13" count="10" type="stmt"/>
        <line num="14" count="10" type="stmt"/>
        <line num="15" count="10" type="stmt"/>
        <line num="18" count="10" type="cond" truecount="2" falsecount="0"/>
        <line num="19" count="1" type="stmt"/>
        <line num="20" count="1" type="stmt"/>
        <line num="22" count="9" type="stmt"/>
        <line num="23" count="27" type="cond" truecount="2" falsecount="0"/>
        <line num="25" count="9" type="stmt"/>
        <line num="27" count="9" type="cond" truecount="1" falsecount="1"/>
        <line num="28" count="9" type="stmt"/>
        <line num="30" count="0" type="stmt"/>
        <line num="35" count="87" type="stmt"/>
        <line num="36" count="3" type="stmt"/>
        <line num="37" count="3" type="stmt"/>
        <line num="38" count="3" type="stmt"/>
        <line num="39" count="3" type="stmt"/>
        <line num="42" count="87" type="stmt"/>
        <line num="50" count="3" type="stmt"/>
        <line num="55" count="21" type="stmt"/>
      </file>
      <file name="Event.jsx" path="/Users/olya/Documents/GitHub/meet/src/components/Event.jsx">
        <metrics statements="13" coveredstatements="11" conditionals="13" coveredconditionals="11" methods="3" coveredmethods="3"/>
        <line num="4" count="5" type="cond" truecount="0" falsecount="1"/>
        <line num="5" count="454" type="stmt"/>
        <line num="7" count="454" type="stmt"/>
        <line num="9" count="454" type="stmt"/>
        <line num="10" count="454" type="cond" truecount="2" falsecount="0"/>
        <line num="11" count="446" type="stmt"/>
        <line num="12" count="446" type="stmt"/>
        <line num="13" count="446" type="stmt"/>
        <line num="15" count="0" type="stmt"/>
        <line num="16" count="0" type="stmt"/>
        <line num="20" count="454" type="stmt"/>
        <line num="27" count="3" type="stmt"/>
        <line num="42" count="5" type="stmt"/>
      </file>
      <file name="EventList.jsx" path="/Users/olya/Documents/GitHub/meet/src/components/EventList.jsx">
        <metrics statements="3" coveredstatements="3" conditionals="1" coveredconditionals="1" methods="2" coveredmethods="2"/>
        <line num="4" count="4" type="cond" truecount="1" falsecount="0"/>
        <line num="5" count="39" type="stmt"/>
        <line num="8" count="444" type="stmt"/>
      </file>
      <file name="NumberOfEvents.jsx" path="/Users/olya/Documents/GitHub/meet/src/components/NumberOfEvents.jsx">
        <metrics statements="7" coveredstatements="7" conditionals="0" coveredconditionals="0" methods="2" coveredmethods="2"/>
        <line num="3" count="4" type="stmt"/>
        <line num="4" count="43" type="stmt"/>
        <line num="6" count="43" type="stmt"/>
        <line num="7" count="12" type="stmt"/>
        <line num="8" count="12" type="stmt"/>
        <line num="9" count="12" type="stmt"/>
        <line num="12" count="43" type="stmt"/>
      </file>
    </package>
  </project>
</coverage>
