{"/Users/olya/Documents/GitHub/meet/src/App.jsx": {"path":"/Users/olya/Documents/GitHub/meet/src/App.jsx","statementMap":{"0":{"start":{"line":10,"column":12},"end":{"line":56,"column":1}},"1":{"start":{"line":11,"column":30},"end":{"line":11,"column":42}},"2":{"start":{"line":12,"column":38},"end":{"line":12,"column":50}},"3":{"start":{"line":13,"column":42},"end":{"line":13,"column":54}},"4":{"start":{"line":14,"column":40},"end":{"line":14,"column":66}},"5":{"start":{"line":16,"column":2},"end":{"line":18,"column":32}},"6":{"start":{"line":17,"column":4},"end":{"line":17,"column":16}},"7":{"start":{"line":20,"column":20},"end":{"line":34,"column":3}},"8":{"start":{"line":21,"column":22},"end":{"line":21,"column":39}},"9":{"start":{"line":24,"column":27},"end":{"line":29,"column":10}},"10":{"start":{"line":27,"column":10},"end":{"line":28,"column":82}},"11":{"start":{"line":32,"column":4},"end":{"line":32,"column":51}},"12":{"start":{"line":33,"column":4},"end":{"line":33,"column":49}},"13":{"start":{"line":36,"column":2},"end":{"line":55,"column":4}}},"fnMap":{"0":{"name":"(anonymous_0)","decl":{"start":{"line":10,"column":12},"end":{"line":10,"column":13}},"loc":{"start":{"line":10,"column":18},"end":{"line":56,"column":1}},"line":10},"1":{"name":"(anonymous_1)","decl":{"start":{"line":16,"column":12},"end":{"line":16,"column":13}},"loc":{"start":{"line":16,"column":18},"end":{"line":18,"column":3}},"line":16},"2":{"name":"(anonymous_2)","decl":{"start":{"line":20,"column":20},"end":{"line":20,"column":21}},"loc":{"start":{"line":20,"column":32},"end":{"line":34,"column":3}},"line":20},"3":{"name":"(anonymous_3)","decl":{"start":{"line":26,"column":25},"end":{"line":26,"column":26}},"loc":{"start":{"line":26,"column":34},"end":{"line":29,"column":9}},"line":26}},"branchMap":{"0":{"loc":{"start":{"line":24,"column":27},"end":{"line":29,"column":10}},"type":"cond-expr","locations":[{"start":{"line":25,"column":8},"end":{"line":25,"column":17}},{"start":{"line":26,"column":8},"end":{"line":29,"column":10}}],"line":24},"1":{"loc":{"start":{"line":27,"column":17},"end":{"line":28,"column":81}},"type":"binary-expr","locations":[{"start":{"line":27,"column":17},"end":{"line":27,"column":31}},{"start":{"line":28,"column":17},"end":{"line":28,"column":81}}],"line":27}},"s":{"0":4,"1":38,"2":36,"3":36,"4":36,"5":36,"6":18,"7":36,"8":18,"9":18,"10":32,"11":18,"12":18,"13":36},"f":{"0":38,"1":18,"2":18,"3":32},"b":{"0":[17,1],"1":[32,31]},"_coverageSchema":"1a1c01bbd47fc00a2c39e90264f33305004495a9","hash":"dadd4f328dbaec82f8d0a3559903a317683265f4"}
,"/Users/olya/Documents/GitHub/meet/src/api.js": {"path":"/Users/olya/Documents/GitHub/meet/src/api.js","statementMap":{"0":{"start":{"line":3,"column":0},"end":{"line":3,"column":60}},"1":{"start":{"line":13,"column":32},"end":{"line":17,"column":1}},"2":{"start":{"line":14,"column":29},"end":{"line":14,"column":66}},"3":{"start":{"line":14,"column":51},"end":{"line":14,"column":65}},"4":{"start":{"line":15,"column":20},"end":{"line":15,"column":52}},"5":{"start":{"line":16,"column":2},"end":{"line":16,"column":19}},"6":{"start":{"line":20,"column":19},"end":{"line":26,"column":1}},"7":{"start":{"line":21,"column":19},"end":{"line":23,"column":3}},"8":{"start":{"line":24,"column":17},"end":{"line":24,"column":38}},"9":{"start":{"line":25,"column":2},"end":{"line":25,"column":16}},"10":{"start":{"line":29,"column":20},"end":{"line":42,"column":1}},"11":{"start":{"line":31,"column":2},"end":{"line":41,"column":3}},"12":{"start":{"line":32,"column":4},"end":{"line":36,"column":31}},"13":{"start":{"line":37,"column":4},"end":{"line":37,"column":45}},"14":{"start":{"line":39,"column":4},"end":{"line":39,"column":68}},"15":{"start":{"line":40,"column":4},"end":{"line":40,"column":45}},"16":{"start":{"line":45,"column":17},"end":{"line":56,"column":1}},"17":{"start":{"line":46,"column":21},"end":{"line":46,"column":45}},"18":{"start":{"line":47,"column":19},"end":{"line":51,"column":3}},"19":{"start":{"line":52,"column":27},"end":{"line":52,"column":48}},"20":{"start":{"line":53,"column":2},"end":{"line":53,"column":69}},"21":{"start":{"line":55,"column":2},"end":{"line":55,"column":22}},"22":{"start":{"line":59,"column":30},"end":{"line":78,"column":1}},"23":{"start":{"line":60,"column":22},"end":{"line":60,"column":58}},"24":{"start":{"line":61,"column":21},"end":{"line":61,"column":67}},"25":{"start":{"line":63,"column":2},"end":{"line":76,"column":3}},"26":{"start":{"line":64,"column":4},"end":{"line":64,"column":50}},"27":{"start":{"line":65,"column":25},"end":{"line":65,"column":68}},"28":{"start":{"line":66,"column":17},"end":{"line":66,"column":47}},"29":{"start":{"line":67,"column":4},"end":{"line":74,"column":5}},"30":{"start":{"line":68,"column":23},"end":{"line":70,"column":7}},"31":{"start":{"line":71,"column":21},"end":{"line":71,"column":42}},"32":{"start":{"line":72,"column":26},"end":{"line":72,"column":32}},"33":{"start":{"line":73,"column":6},"end":{"line":73,"column":46}},"34":{"start":{"line":75,"column":4},"end":{"line":75,"column":34}},"35":{"start":{"line":77,"column":2},"end":{"line":77,"column":21}},"36":{"start":{"line":84,"column":25},"end":{"line":103,"column":1}},"37":{"start":{"line":85,"column":2},"end":{"line":87,"column":3}},"38":{"start":{"line":86,"column":4},"end":{"line":86,"column":20}},"39":{"start":{"line":89,"column":16},"end":{"line":89,"column":38}},"40":{"start":{"line":91,"column":2},"end":{"line":102,"column":3}},"41":{"start":{"line":92,"column":4},"end":{"line":92,"column":18}},"42":{"start":{"line":94,"column":6},"end":{"line":96,"column":11}},"43":{"start":{"line":97,"column":21},"end":{"line":97,"column":37}},"44":{"start":{"line":98,"column":19},"end":{"line":98,"column":40}},"45":{"start":{"line":99,"column":4},"end":{"line":101,"column":23}},"46":{"start":{"line":100,"column":6},"end":{"line":100,"column":27}},"47":{"start":{"line":101,"column":11},"end":{"line":101,"column":23}}},"fnMap":{"0":{"name":"(anonymous_0)","decl":{"start":{"line":13,"column":32},"end":{"line":13,"column":33}},"loc":{"start":{"line":13,"column":44},"end":{"line":17,"column":1}},"line":13},"1":{"name":"(anonymous_1)","decl":{"start":{"line":14,"column":40},"end":{"line":14,"column":41}},"loc":{"start":{"line":14,"column":51},"end":{"line":14,"column":65}},"line":14},"2":{"name":"(anonymous_2)","decl":{"start":{"line":20,"column":19},"end":{"line":20,"column":20}},"loc":{"start":{"line":20,"column":42},"end":{"line":26,"column":1}},"line":20},"3":{"name":"(anonymous_3)","decl":{"start":{"line":29,"column":20},"end":{"line":29,"column":21}},"loc":{"start":{"line":29,"column":26},"end":{"line":42,"column":1}},"line":29},"4":{"name":"(anonymous_4)","decl":{"start":{"line":45,"column":17},"end":{"line":45,"column":18}},"loc":{"start":{"line":45,"column":33},"end":{"line":56,"column":1}},"line":45},"5":{"name":"(anonymous_5)","decl":{"start":{"line":59,"column":30},"end":{"line":59,"column":31}},"loc":{"start":{"line":59,"column":42},"end":{"line":78,"column":1}},"line":59},"6":{"name":"(anonymous_6)","decl":{"start":{"line":84,"column":25},"end":{"line":84,"column":26}},"loc":{"start":{"line":84,"column":37},"end":{"line":103,"column":1}},"line":84}},"branchMap":{"0":{"loc":{"start":{"line":31,"column":2},"end":{"line":41,"column":3}},"type":"if","locations":[{"start":{"line":31,"column":2},"end":{"line":41,"column":3}},{"start":{"line":38,"column":9},"end":{"line":41,"column":3}}],"line":31},"1":{"loc":{"start":{"line":31,"column":6},"end":{"line":31,"column":58}},"type":"binary-expr","locations":[{"start":{"line":31,"column":6},"end":{"line":31,"column":30}},{"start":{"line":31,"column":34},"end":{"line":31,"column":58}}],"line":31},"2":{"loc":{"start":{"line":53,"column":2},"end":{"line":53,"column":68}},"type":"binary-expr","locations":[{"start":{"line":53,"column":2},"end":{"line":53,"column":14}},{"start":{"line":53,"column":18},"end":{"line":53,"column":68}}],"line":53},"3":{"loc":{"start":{"line":61,"column":21},"end":{"line":61,"column":67}},"type":"binary-expr","locations":[{"start":{"line":61,"column":21},"end":{"line":61,"column":32}},{"start":{"line":61,"column":37},"end":{"line":61,"column":66}}],"line":61},"4":{"loc":{"start":{"line":63,"column":2},"end":{"line":76,"column":3}},"type":"if","locations":[{"start":{"line":63,"column":2},"end":{"line":76,"column":3}},{"start":{},"end":{}}],"line":63},"5":{"loc":{"start":{"line":63,"column":6},"end":{"line":63,"column":38}},"type":"binary-expr","locations":[{"start":{"line":63,"column":6},"end":{"line":63,"column":18}},{"start":{"line":63,"column":22},"end":{"line":63,"column":38}}],"line":63},"6":{"loc":{"start":{"line":67,"column":4},"end":{"line":74,"column":5}},"type":"if","locations":[{"start":{"line":67,"column":4},"end":{"line":74,"column":5}},{"start":{},"end":{}}],"line":67},"7":{"loc":{"start":{"line":75,"column":11},"end":{"line":75,"column":33}},"type":"binary-expr","locations":[{"start":{"line":75,"column":11},"end":{"line":75,"column":15}},{"start":{"line":75,"column":19},"end":{"line":75,"column":33}}],"line":75},"8":{"loc":{"start":{"line":85,"column":2},"end":{"line":87,"column":3}},"type":"if","locations":[{"start":{"line":85,"column":2},"end":{"line":87,"column":3}},{"start":{},"end":{}}],"line":85},"9":{"loc":{"start":{"line":91,"column":2},"end":{"line":102,"column":3}},"type":"if","locations":[{"start":{"line":91,"column":2},"end":{"line":102,"column":3}},{"start":{},"end":{}}],"line":91},"10":{"loc":{"start":{"line":99,"column":4},"end":{"line":101,"column":23}},"type":"if","locations":[{"start":{"line":99,"column":4},"end":{"line":101,"column":23}},{"start":{"line":101,"column":11},"end":{"line":101,"column":23}}],"line":99}},"s":{"0":5,"1":5,"2":19,"3":608,"4":19,"5":19,"6":5,"7":0,"8":0,"9":0,"10":5,"11":0,"12":0,"13":0,"14":0,"15":0,"16":5,"17":0,"18":0,"19":0,"20":0,"21":0,"22":5,"23":0,"24":0,"25":0,"26":0,"27":0,"28":0,"29":0,"30":0,"31":0,"32":0,"33":0,"34":0,"35":0,"36":5,"37":26,"38":26,"39":0,"40":0,"41":0,"42":0,"43":0,"44":0,"45":0,"46":0,"47":0},"f":{"0":19,"1":608,"2":0,"3":0,"4":0,"5":0,"6":26},"b":{"0":[0,0],"1":[0,0],"2":[0,0],"3":[0,0],"4":[0,0],"5":[0,0],"6":[0,0],"7":[0,0],"8":[26,0],"9":[0,0],"10":[0,0]},"_coverageSchema":"1a1c01bbd47fc00a2c39e90264f33305004495a9","hash":"110d986044cf0714c95025e7b4f4c350485b1ba4"}
,"/Users/olya/Documents/GitHub/meet/src/mock-data.js": {"path":"/Users/olya/Documents/GitHub/meet/src/mock-data.js","statementMap":{"0":{"start":{"line":1,"column":17},"end":{"line":2724,"column":1}}},"fnMap":{},"branchMap":{},"s":{"0":5},"f":{},"b":{},"_coverageSchema":"1a1c01bbd47fc00a2c39e90264f33305004495a9","hash":"24de796703a6420c0b327395b241eb8c86075c7f"}
,"/Users/olya/Documents/GitHub/meet/src/components/CitySearch.jsx": {"path":"/Users/olya/Documents/GitHub/meet/src/components/CitySearch.jsx","statementMap":{"0":{"start":{"line":3,"column":19},"end":{"line":74,"column":1}},"1":{"start":{"line":4,"column":48},"end":{"line":4,"column":63}},"2":{"start":{"line":5,"column":28},"end":{"line":5,"column":40}},"3":{"start":{"line":6,"column":40},"end":{"line":6,"column":52}},"4":{"start":{"line":8,"column":2},"end":{"line":10,"column":21}},"5":{"start":{"line":9,"column":4},"end":{"line":9,"column":33}},"6":{"start":{"line":12,"column":29},"end":{"line":33,"column":3}},"7":{"start":{"line":13,"column":18},"end":{"line":13,"column":36}},"8":{"start":{"line":14,"column":4},"end":{"line":14,"column":20}},"9":{"start":{"line":15,"column":4},"end":{"line":15,"column":29}},"10":{"start":{"line":18,"column":4},"end":{"line":32,"column":5}},"11":{"start":{"line":19,"column":6},"end":{"line":19,"column":35}},"12":{"start":{"line":20,"column":6},"end":{"line":20,"column":39}},"13":{"start":{"line":22,"column":32},"end":{"line":24,"column":8}},"14":{"start":{"line":23,"column":8},"end":{"line":23,"column":80}},"15":{"start":{"line":25,"column":6},"end":{"line":25,"column":40}},"16":{"start":{"line":27,"column":6},"end":{"line":31,"column":7}},"17":{"start":{"line":28,"column":8},"end":{"line":28,"column":45}},"18":{"start":{"line":30,"column":8},"end":{"line":30,"column":30}},"19":{"start":{"line":35,"column":28},"end":{"line":40,"column":3}},"20":{"start":{"line":36,"column":18},"end":{"line":36,"column":42}},"21":{"start":{"line":37,"column":4},"end":{"line":37,"column":20}},"22":{"start":{"line":38,"column":4},"end":{"line":38,"column":30}},"23":{"start":{"line":39,"column":4},"end":{"line":39,"column":26}},"24":{"start":{"line":42,"column":2},"end":{"line":73,"column":4}},"25":{"start":{"line":50,"column":23},"end":{"line":50,"column":47}},"26":{"start":{"line":55,"column":12},"end":{"line":61,"column":17}}},"fnMap":{"0":{"name":"(anonymous_0)","decl":{"start":{"line":3,"column":19},"end":{"line":3,"column":20}},"loc":{"start":{"line":3,"column":57},"end":{"line":74,"column":1}},"line":3},"1":{"name":"(anonymous_1)","decl":{"start":{"line":8,"column":12},"end":{"line":8,"column":13}},"loc":{"start":{"line":8,"column":18},"end":{"line":10,"column":3}},"line":8},"2":{"name":"(anonymous_2)","decl":{"start":{"line":12,"column":29},"end":{"line":12,"column":30}},"loc":{"start":{"line":12,"column":40},"end":{"line":33,"column":3}},"line":12},"3":{"name":"(anonymous_3)","decl":{"start":{"line":22,"column":52},"end":{"line":22,"column":53}},"loc":{"start":{"line":22,"column":66},"end":{"line":24,"column":7}},"line":22},"4":{"name":"(anonymous_4)","decl":{"start":{"line":35,"column":28},"end":{"line":35,"column":29}},"loc":{"start":{"line":35,"column":39},"end":{"line":40,"column":3}},"line":35},"5":{"name":"(anonymous_5)","decl":{"start":{"line":50,"column":17},"end":{"line":50,"column":18}},"loc":{"start":{"line":50,"column":23},"end":{"line":50,"column":47}},"line":50},"6":{"name":"(anonymous_6)","decl":{"start":{"line":54,"column":27},"end":{"line":54,"column":28}},"loc":{"start":{"line":55,"column":12},"end":{"line":61,"column":17}},"line":55}},"branchMap":{"0":{"loc":{"start":{"line":18,"column":4},"end":{"line":32,"column":5}},"type":"if","locations":[{"start":{"line":18,"column":4},"end":{"line":32,"column":5}},{"start":{"line":21,"column":11},"end":{"line":32,"column":5}}],"line":18},"1":{"loc":{"start":{"line":23,"column":15},"end":{"line":23,"column":79}},"type":"binary-expr","locations":[{"start":{"line":23,"column":15},"end":{"line":23,"column":23}},{"start":{"line":23,"column":27},"end":{"line":23,"column":79}}],"line":23},"2":{"loc":{"start":{"line":27,"column":6},"end":{"line":31,"column":7}},"type":"if","locations":[{"start":{"line":27,"column":6},"end":{"line":31,"column":7}},{"start":{"line":29,"column":13},"end":{"line":31,"column":7}}],"line":27},"3":{"loc":{"start":{"line":52,"column":7},"end":{"line":71,"column":7}},"type":"binary-expr","locations":[{"start":{"line":52,"column":7},"end":{"line":52,"column":22}},{"start":{"line":53,"column":8},"end":{"line":70,"column":13}}],"line":52}},"s":{"0":4,"1":87,"2":87,"3":87,"4":87,"5":33,"6":87,"7":10,"8":10,"9":10,"10":10,"11":1,"12":1,"13":9,"14":27,"15":9,"16":9,"17":9,"18":0,"19":87,"20":3,"21":3,"22":3,"23":3,"24":87,"25":3,"26":21},"f":{"0":87,"1":33,"2":10,"3":27,"4":3,"5":3,"6":21},"b":{"0":[1,9],"1":[27,27],"2":[9,0],"3":[87,14]},"_coverageSchema":"1a1c01bbd47fc00a2c39e90264f33305004495a9","hash":"78fdf17f0ad9695b8ca46339e77051129c50f7a5"}
,"/Users/olya/Documents/GitHub/meet/src/components/Event.jsx": {"path":"/Users/olya/Documents/GitHub/meet/src/components/Event.jsx","statementMap":{"0":{"start":{"line":4,"column":14},"end":{"line":40,"column":1}},"1":{"start":{"line":5,"column":40},"end":{"line":5,"column":55}},"2":{"start":{"line":7,"column":2},"end":{"line":7,"column":41}},"3":{"start":{"line":9,"column":21},"end":{"line":18,"column":3}},"4":{"start":{"line":10,"column":4},"end":{"line":10,"column":38}},"5":{"start":{"line":10,"column":21},"end":{"line":10,"column":38}},"6":{"start":{"line":11,"column":4},"end":{"line":17,"column":5}},"7":{"start":{"line":12,"column":19},"end":{"line":12,"column":39}},"8":{"start":{"line":13,"column":6},"end":{"line":13,"column":35}},"9":{"start":{"line":15,"column":6},"end":{"line":15,"column":53}},"10":{"start":{"line":16,"column":6},"end":{"line":16,"column":24}},"11":{"start":{"line":20,"column":2},"end":{"line":39,"column":4}},"12":{"start":{"line":27,"column":23},"end":{"line":27,"column":51}},"13":{"start":{"line":42,"column":0},"end":{"line":49,"column":2}}},"fnMap":{"0":{"name":"(anonymous_0)","decl":{"start":{"line":4,"column":14},"end":{"line":4,"column":15}},"loc":{"start":{"line":4,"column":34},"end":{"line":40,"column":1}},"line":4},"1":{"name":"(anonymous_1)","decl":{"start":{"line":9,"column":21},"end":{"line":9,"column":22}},"loc":{"start":{"line":9,"column":37},"end":{"line":18,"column":3}},"line":9},"2":{"name":"(anonymous_2)","decl":{"start":{"line":27,"column":17},"end":{"line":27,"column":18}},"loc":{"start":{"line":27,"column":23},"end":{"line":27,"column":51}},"line":27}},"branchMap":{"0":{"loc":{"start":{"line":4,"column":17},"end":{"line":4,"column":27}},"type":"default-arg","locations":[{"start":{"line":4,"column":25},"end":{"line":4,"column":27}}],"line":4},"1":{"loc":{"start":{"line":10,"column":4},"end":{"line":10,"column":38}},"type":"if","locations":[{"start":{"line":10,"column":4},"end":{"line":10,"column":38}},{"start":{},"end":{}}],"line":10},"2":{"loc":{"start":{"line":22,"column":11},"end":{"line":22,"column":38}},"type":"binary-expr","locations":[{"start":{"line":22,"column":11},"end":{"line":22,"column":24}},{"start":{"line":22,"column":28},"end":{"line":22,"column":38}}],"line":22},"3":{"loc":{"start":{"line":24,"column":10},"end":{"line":24,"column":41}},"type":"binary-expr","locations":[{"start":{"line":24,"column":10},"end":{"line":24,"column":24}},{"start":{"line":24,"column":28},"end":{"line":24,"column":41}}],"line":24},"4":{"loc":{"start":{"line":29,"column":9},"end":{"line":29,"column":54}},"type":"cond-expr","locations":[{"start":{"line":29,"column":23},"end":{"line":29,"column":37}},{"start":{"line":29,"column":40},"end":{"line":29,"column":54}}],"line":29},"5":{"loc":{"start":{"line":32,"column":7},"end":{"line":37,"column":7}},"type":"binary-expr","locations":[{"start":{"line":32,"column":7},"end":{"line":32,"column":18}},{"start":{"line":33,"column":8},"end":{"line":36,"column":14}}],"line":32},"6":{"loc":{"start":{"line":35,"column":14},"end":{"line":35,"column":61}},"type":"binary-expr","locations":[{"start":{"line":35,"column":14},"end":{"line":35,"column":31}},{"start":{"line":35,"column":35},"end":{"line":35,"column":61}}],"line":35}},"s":{"0":5,"1":454,"2":454,"3":454,"4":454,"5":8,"6":446,"7":446,"8":446,"9":0,"10":0,"11":454,"12":3,"13":5},"f":{"0":454,"1":454,"2":3},"b":{"0":[0],"1":[8,446],"2":[454,8],"3":[454,20],"4":[2,452],"5":[454,2],"6":[2,0]},"_coverageSchema":"1a1c01bbd47fc00a2c39e90264f33305004495a9","hash":"7f2b52ee182f58fb68873688358d9720796f651a"}
,"/Users/olya/Documents/GitHub/meet/src/components/EventList.jsx": {"path":"/Users/olya/Documents/GitHub/meet/src/components/EventList.jsx","statementMap":{"0":{"start":{"line":4,"column":18},"end":{"line":12,"column":1}},"1":{"start":{"line":5,"column":2},"end":{"line":11,"column":4}},"2":{"start":{"line":8,"column":8},"end":{"line":8,"column":46}}},"fnMap":{"0":{"name":"(anonymous_0)","decl":{"start":{"line":4,"column":18},"end":{"line":4,"column":19}},"loc":{"start":{"line":4,"column":39},"end":{"line":12,"column":1}},"line":4},"1":{"name":"(anonymous_1)","decl":{"start":{"line":7,"column":18},"end":{"line":7,"column":19}},"loc":{"start":{"line":8,"column":8},"end":{"line":8,"column":46}},"line":8}},"branchMap":{"0":{"loc":{"start":{"line":4,"column":21},"end":{"line":4,"column":32}},"type":"default-arg","locations":[{"start":{"line":4,"column":30},"end":{"line":4,"column":32}}],"line":4}},"s":{"0":4,"1":39,"2":444},"f":{"0":39,"1":444},"b":{"0":[1]},"_coverageSchema":"1a1c01bbd47fc00a2c39e90264f33305004495a9","hash":"19a5b91bd12b2495391ef2e3db0ad93643bbb61f"}
,"/Users/olya/Documents/GitHub/meet/src/components/NumberOfEvents.jsx": {"path":"/Users/olya/Documents/GitHub/meet/src/components/NumberOfEvents.jsx","statementMap":{"0":{"start":{"line":3,"column":23},"end":{"line":22,"column":1}},"1":{"start":{"line":4,"column":30},"end":{"line":4,"column":42}},"2":{"start":{"line":6,"column":29},"end":{"line":10,"column":3}},"3":{"start":{"line":7,"column":18},"end":{"line":7,"column":36}},"4":{"start":{"line":8,"column":4},"end":{"line":8,"column":21}},"5":{"start":{"line":9,"column":4},"end":{"line":9,"column":37}},"6":{"start":{"line":12,"column":2},"end":{"line":21,"column":4}}},"fnMap":{"0":{"name":"(anonymous_0)","decl":{"start":{"line":3,"column":23},"end":{"line":3,"column":24}},"loc":{"start":{"line":3,"column":50},"end":{"line":22,"column":1}},"line":3},"1":{"name":"(anonymous_1)","decl":{"start":{"line":6,"column":29},"end":{"line":6,"column":30}},"loc":{"start":{"line":6,"column":40},"end":{"line":10,"column":3}},"line":6}},"branchMap":{},"s":{"0":4,"1":43,"2":43,"3":12,"4":12,"5":12,"6":43},"f":{"0":43,"1":12},"b":{},"_coverageSchema":"1a1c01bbd47fc00a2c39e90264f33305004495a9","hash":"a71adc1e42e30d7b33a34c06b353be998ea24451"}
}
