{"/Users/olya/Documents/GitHub/meet/src/App.jsx": {"path":"/Users/olya/Documents/GitHub/meet/src/App.jsx","statementMap":{"0":{"start":{"line":10,"column":12},"end":{"line":57,"column":1}},"1":{"start":{"line":11,"column":30},"end":{"line":11,"column":42}},"2":{"start":{"line":12,"column":46},"end":{"line":12,"column":58}},"3":{"start":{"line":13,"column":42},"end":{"line":13,"column":54}},"4":{"start":{"line":14,"column":40},"end":{"line":14,"column":66}},"5":{"start":{"line":15,"column":36},"end":{"line":15,"column":48}},"6":{"start":{"line":16,"column":38},"end":{"line":16,"column":50}},"7":{"start":{"line":18,"column":2},"end":{"line":32,"column":36}},"8":{"start":{"line":19,"column":22},"end":{"line":29,"column":5}},"9":{"start":{"line":20,"column":24},"end":{"line":20,"column":41}},"10":{"start":{"line":21,"column":29},"end":{"line":26,"column":9}},"11":{"start":{"line":24,"column":12},"end":{"line":25,"column":76}},"12":{"start":{"line":27,"column":6},"end":{"line":27,"column":57}},"13":{"start":{"line":28,"column":6},"end":{"line":28,"column":51}},"14":{"start":{"line":31,"column":4},"end":{"line":31,"column":16}},"15":{"start":{"line":34,"column":2},"end":{"line":56,"column":4}}},"fnMap":{"0":{"name":"(anonymous_0)","decl":{"start":{"line":10,"column":12},"end":{"line":10,"column":13}},"loc":{"start":{"line":10,"column":18},"end":{"line":57,"column":1}},"line":10},"1":{"name":"(anonymous_1)","decl":{"start":{"line":18,"column":12},"end":{"line":18,"column":13}},"loc":{"start":{"line":18,"column":18},"end":{"line":32,"column":3}},"line":18},"2":{"name":"(anonymous_2)","decl":{"start":{"line":19,"column":22},"end":{"line":19,"column":23}},"loc":{"start":{"line":19,"column":34},"end":{"line":29,"column":5}},"line":19},"3":{"name":"(anonymous_3)","decl":{"start":{"line":23,"column":27},"end":{"line":23,"column":28}},"loc":{"start":{"line":24,"column":12},"end":{"line":25,"column":76}},"line":24}},"branchMap":{"0":{"loc":{"start":{"line":21,"column":29},"end":{"line":26,"column":9}},"type":"cond-expr","locations":[{"start":{"line":22,"column":10},"end":{"line":22,"column":19}},{"start":{"line":23,"column":10},"end":{"line":26,"column":9}}],"line":21},"1":{"loc":{"start":{"line":24,"column":12},"end":{"line":25,"column":76}},"type":"binary-expr","locations":[{"start":{"line":24,"column":12},"end":{"line":24,"column":26}},{"start":{"line":25,"column":12},"end":{"line":25,"column":76}}],"line":24},"2":{"loc":{"start":{"line":37,"column":9},"end":{"line":37,"column":65}},"type":"cond-expr","locations":[{"start":{"line":37,"column":28},"end":{"line":37,"column":58}},{"start":{"line":37,"column":61},"end":{"line":37,"column":65}}],"line":37},"3":{"loc":{"start":{"line":38,"column":9},"end":{"line":38,"column":68}},"type":"cond-expr","locations":[{"start":{"line":38,"column":29},"end":{"line":38,"column":61}},{"start":{"line":38,"column":64},"end":{"line":38,"column":68}}],"line":38}},"s":{"0":7,"1":71,"2":66,"3":66,"4":66,"5":66,"6":66,"7":66,"8":32,"9":32,"10":32,"11":96,"12":32,"13":32,"14":32,"15":66},"f":{"0":71,"1":32,"2":32,"3":96},"b":{"0":[29,3],"1":[96,93],"2":[0,66],"3":[0,66]},"_coverageSchema":"1a1c01bbd47fc00a2c39e90264f33305004495a9","hash":"c81d6a602715b1239c0e8191bbc45d191d4600b9"}
,"/Users/olya/Documents/GitHub/meet/src/mock-data.js": {"path":"/Users/olya/Documents/GitHub/meet/src/mock-data.js","statementMap":{"0":{"start":{"line":1,"column":17},"end":{"line":2724,"column":1}}},"fnMap":{},"branchMap":{},"s":{"0":8},"f":{},"b":{},"_coverageSchema":"1a1c01bbd47fc00a2c39e90264f33305004495a9","hash":"24de796703a6420c0b327395b241eb8c86075c7f"}
,"/Users/olya/Documents/GitHub/meet/src/components/CitySearch.jsx": {"path":"/Users/olya/Documents/GitHub/meet/src/components/CitySearch.jsx","statementMap":{"0":{"start":{"line":3,"column":19},"end":{"line":83,"column":1}},"1":{"start":{"line":4,"column":48},"end":{"line":4,"column":63}},"2":{"start":{"line":5,"column":28},"end":{"line":5,"column":40}},"3":{"start":{"line":6,"column":40},"end":{"line":6,"column":52}},"4":{"start":{"line":9,"column":2},"end":{"line":11,"column":21}},"5":{"start":{"line":10,"column":4},"end":{"line":10,"column":33}},"6":{"start":{"line":13,"column":29},"end":{"line":41,"column":3}},"7":{"start":{"line":14,"column":18},"end":{"line":14,"column":36}},"8":{"start":{"line":15,"column":4},"end":{"line":15,"column":20}},"9":{"start":{"line":16,"column":4},"end":{"line":16,"column":29}},"10":{"start":{"line":19,"column":4},"end":{"line":40,"column":5}},"11":{"start":{"line":20,"column":6},"end":{"line":20,"column":35}},"12":{"start":{"line":21,"column":6},"end":{"line":21,"column":39}},"13":{"start":{"line":23,"column":32},"end":{"line":25,"column":8}},"14":{"start":{"line":24,"column":8},"end":{"line":24,"column":80}},"15":{"start":{"line":26,"column":6},"end":{"line":26,"column":40}},"16":{"start":{"line":28,"column":6},"end":{"line":32,"column":7}},"17":{"start":{"line":29,"column":8},"end":{"line":29,"column":45}},"18":{"start":{"line":31,"column":8},"end":{"line":31,"column":30}},"19":{"start":{"line":34,"column":3},"end":{"line":38,"column":4}},"20":{"start":{"line":35,"column":5},"end":{"line":35,"column":87}},"21":{"start":{"line":37,"column":5},"end":{"line":37,"column":18}},"22":{"start":{"line":39,"column":3},"end":{"line":39,"column":26}},"23":{"start":{"line":43,"column":28},"end":{"line":49,"column":3}},"24":{"start":{"line":44,"column":18},"end":{"line":44,"column":42}},"25":{"start":{"line":45,"column":4},"end":{"line":45,"column":20}},"26":{"start":{"line":46,"column":4},"end":{"line":46,"column":30}},"27":{"start":{"line":47,"column":4},"end":{"line":47,"column":26}},"28":{"start":{"line":48,"column":4},"end":{"line":48,"column":20}},"29":{"start":{"line":51,"column":2},"end":{"line":82,"column":4}},"30":{"start":{"line":59,"column":23},"end":{"line":59,"column":47}},"31":{"start":{"line":64,"column":12},"end":{"line":70,"column":17}}},"fnMap":{"0":{"name":"(anonymous_0)","decl":{"start":{"line":3,"column":19},"end":{"line":3,"column":20}},"loc":{"start":{"line":3,"column":71},"end":{"line":83,"column":1}},"line":3},"1":{"name":"(anonymous_1)","decl":{"start":{"line":9,"column":12},"end":{"line":9,"column":13}},"loc":{"start":{"line":9,"column":18},"end":{"line":11,"column":3}},"line":9},"2":{"name":"(anonymous_2)","decl":{"start":{"line":13,"column":29},"end":{"line":13,"column":30}},"loc":{"start":{"line":13,"column":40},"end":{"line":41,"column":3}},"line":13},"3":{"name":"(anonymous_3)","decl":{"start":{"line":23,"column":52},"end":{"line":23,"column":53}},"loc":{"start":{"line":23,"column":66},"end":{"line":25,"column":7}},"line":23},"4":{"name":"(anonymous_4)","decl":{"start":{"line":43,"column":28},"end":{"line":43,"column":29}},"loc":{"start":{"line":43,"column":39},"end":{"line":49,"column":3}},"line":43},"5":{"name":"(anonymous_5)","decl":{"start":{"line":59,"column":17},"end":{"line":59,"column":18}},"loc":{"start":{"line":59,"column":23},"end":{"line":59,"column":47}},"line":59},"6":{"name":"(anonymous_6)","decl":{"start":{"line":63,"column":27},"end":{"line":63,"column":28}},"loc":{"start":{"line":64,"column":12},"end":{"line":70,"column":17}},"line":64}},"branchMap":{"0":{"loc":{"start":{"line":19,"column":4},"end":{"line":40,"column":5}},"type":"if","locations":[{"start":{"line":19,"column":4},"end":{"line":40,"column":5}},{"start":{"line":22,"column":11},"end":{"line":40,"column":5}}],"line":19},"1":{"loc":{"start":{"line":24,"column":15},"end":{"line":24,"column":79}},"type":"binary-expr","locations":[{"start":{"line":24,"column":15},"end":{"line":24,"column":23}},{"start":{"line":24,"column":27},"end":{"line":24,"column":79}}],"line":24},"2":{"loc":{"start":{"line":28,"column":6},"end":{"line":32,"column":7}},"type":"if","locations":[{"start":{"line":28,"column":6},"end":{"line":32,"column":7}},{"start":{"line":30,"column":13},"end":{"line":32,"column":7}}],"line":28},"3":{"loc":{"start":{"line":34,"column":3},"end":{"line":38,"column":4}},"type":"if","locations":[{"start":{"line":34,"column":3},"end":{"line":38,"column":4}},{"start":{"line":36,"column":10},"end":{"line":38,"column":4}}],"line":34},"4":{"loc":{"start":{"line":61,"column":7},"end":{"line":80,"column":7}},"type":"binary-expr","locations":[{"start":{"line":61,"column":7},"end":{"line":61,"column":22}},{"start":{"line":62,"column":8},"end":{"line":79,"column":13}}],"line":61}},"s":{"0":7,"1":150,"2":150,"3":150,"4":150,"5":55,"6":150,"7":22,"8":22,"9":22,"10":22,"11":1,"12":1,"13":21,"14":63,"15":21,"16":21,"17":21,"18":0,"19":21,"20":0,"21":21,"22":21,"23":150,"24":4,"25":4,"26":4,"27":4,"28":4,"29":150,"30":5,"31":47},"f":{"0":150,"1":55,"2":22,"3":63,"4":4,"5":5,"6":47},"b":{"0":[1,21],"1":[63,51],"2":[21,0],"3":[0,21],"4":[150,33]},"_coverageSchema":"1a1c01bbd47fc00a2c39e90264f33305004495a9","hash":"042daafe17f7f9440a61616eb4927d93bf18b7d6"}
,"/Users/olya/Documents/GitHub/meet/src/components/Event.jsx": {"path":"/Users/olya/Documents/GitHub/meet/src/components/Event.jsx","statementMap":{"0":{"start":{"line":4,"column":14},"end":{"line":42,"column":1}},"1":{"start":{"line":5,"column":40},"end":{"line":5,"column":55}},"2":{"start":{"line":7,"column":2},"end":{"line":7,"column":41}},"3":{"start":{"line":9,"column":21},"end":{"line":18,"column":3}},"4":{"start":{"line":10,"column":4},"end":{"line":10,"column":38}},"5":{"start":{"line":10,"column":21},"end":{"line":10,"column":38}},"6":{"start":{"line":11,"column":4},"end":{"line":17,"column":5}},"7":{"start":{"line":12,"column":19},"end":{"line":12,"column":39}},"8":{"start":{"line":13,"column":6},"end":{"line":13,"column":35}},"9":{"start":{"line":15,"column":6},"end":{"line":15,"column":53}},"10":{"start":{"line":16,"column":6},"end":{"line":16,"column":24}},"11":{"start":{"line":20,"column":2},"end":{"line":41,"column":4}},"12":{"start":{"line":29,"column":23},"end":{"line":29,"column":51}},"13":{"start":{"line":44,"column":0},"end":{"line":51,"column":2}}},"fnMap":{"0":{"name":"(anonymous_0)","decl":{"start":{"line":4,"column":14},"end":{"line":4,"column":15}},"loc":{"start":{"line":4,"column":34},"end":{"line":42,"column":1}},"line":4},"1":{"name":"(anonymous_1)","decl":{"start":{"line":9,"column":21},"end":{"line":9,"column":22}},"loc":{"start":{"line":9,"column":37},"end":{"line":18,"column":3}},"line":9},"2":{"name":"(anonymous_2)","decl":{"start":{"line":29,"column":17},"end":{"line":29,"column":18}},"loc":{"start":{"line":29,"column":23},"end":{"line":29,"column":51}},"line":29}},"branchMap":{"0":{"loc":{"start":{"line":4,"column":17},"end":{"line":4,"column":27}},"type":"default-arg","locations":[{"start":{"line":4,"column":25},"end":{"line":4,"column":27}}],"line":4},"1":{"loc":{"start":{"line":10,"column":4},"end":{"line":10,"column":38}},"type":"if","locations":[{"start":{"line":10,"column":4},"end":{"line":10,"column":38}},{"start":{},"end":{}}],"line":10},"2":{"loc":{"start":{"line":23,"column":13},"end":{"line":23,"column":40}},"type":"binary-expr","locations":[{"start":{"line":23,"column":13},"end":{"line":23,"column":26}},{"start":{"line":23,"column":30},"end":{"line":23,"column":40}}],"line":23},"3":{"loc":{"start":{"line":25,"column":39},"end":{"line":25,"column":70}},"type":"binary-expr","locations":[{"start":{"line":25,"column":39},"end":{"line":25,"column":53}},{"start":{"line":25,"column":57},"end":{"line":25,"column":70}}],"line":25},"4":{"loc":{"start":{"line":31,"column":15},"end":{"line":31,"column":60}},"type":"cond-expr","locations":[{"start":{"line":31,"column":29},"end":{"line":31,"column":43}},{"start":{"line":31,"column":46},"end":{"line":31,"column":60}}],"line":31},"5":{"loc":{"start":{"line":34,"column":7},"end":{"line":39,"column":7}},"type":"binary-expr","locations":[{"start":{"line":34,"column":7},"end":{"line":34,"column":18}},{"start":{"line":35,"column":8},"end":{"line":38,"column":14}}],"line":34},"6":{"loc":{"start":{"line":37,"column":14},"end":{"line":37,"column":61}},"type":"binary-expr","locations":[{"start":{"line":37,"column":14},"end":{"line":37,"column":31}},{"start":{"line":37,"column":35},"end":{"line":37,"column":61}}],"line":37}},"s":{"0":8,"1":857,"2":857,"3":857,"4":857,"5":8,"6":849,"7":849,"8":849,"9":0,"10":0,"11":857,"12":6,"13":8},"f":{"0":857,"1":857,"2":6},"b":{"0":[0],"1":[8,849],"2":[857,8],"3":[857,31],"4":[4,853],"5":[857,4],"6":[4,0]},"_coverageSchema":"1a1c01bbd47fc00a2c39e90264f33305004495a9","hash":"b9382c0ec95043267c82286695da1cefe7dd3a9f"}
,"/Users/olya/Documents/GitHub/meet/src/components/EventList.jsx": {"path":"/Users/olya/Documents/GitHub/meet/src/components/EventList.jsx","statementMap":{"0":{"start":{"line":4,"column":18},"end":{"line":12,"column":1}},"1":{"start":{"line":5,"column":2},"end":{"line":11,"column":4}},"2":{"start":{"line":8,"column":8},"end":{"line":8,"column":46}}},"fnMap":{"0":{"name":"(anonymous_0)","decl":{"start":{"line":4,"column":18},"end":{"line":4,"column":19}},"loc":{"start":{"line":4,"column":39},"end":{"line":12,"column":1}},"line":4},"1":{"name":"(anonymous_1)","decl":{"start":{"line":7,"column":18},"end":{"line":7,"column":19}},"loc":{"start":{"line":8,"column":8},"end":{"line":8,"column":46}},"line":8}},"branchMap":{"0":{"loc":{"start":{"line":4,"column":21},"end":{"line":4,"column":32}},"type":"default-arg","locations":[{"start":{"line":4,"column":30},"end":{"line":4,"column":32}}],"line":4}},"s":{"0":7,"1":67,"2":844},"f":{"0":67,"1":844},"b":{"0":[1]},"_coverageSchema":"1a1c01bbd47fc00a2c39e90264f33305004495a9","hash":"19a5b91bd12b2495391ef2e3db0ad93643bbb61f"}
,"/Users/olya/Documents/GitHub/meet/src/components/NumberOfEvents.jsx": {"path":"/Users/olya/Documents/GitHub/meet/src/components/NumberOfEvents.jsx","statementMap":{"0":{"start":{"line":3,"column":23},"end":{"line":38,"column":1}},"1":{"start":{"line":4,"column":30},"end":{"line":4,"column":42}},"2":{"start":{"line":6,"column":29},"end":{"line":23,"column":3}},"3":{"start":{"line":7,"column":18},"end":{"line":7,"column":36}},"4":{"start":{"line":8,"column":4},"end":{"line":8,"column":21}},"5":{"start":{"line":9,"column":4},"end":{"line":9,"column":44}},"6":{"start":{"line":12,"column":4},"end":{"line":22,"column":5}},"7":{"start":{"line":13,"column":6},"end":{"line":13,"column":74}},"8":{"start":{"line":15,"column":6},"end":{"line":15,"column":64}},"9":{"start":{"line":18,"column":6},"end":{"line":18,"column":60}},"10":{"start":{"line":20,"column":6},"end":{"line":20,"column":24}},"11":{"start":{"line":21,"column":6},"end":{"line":21,"column":39}},"12":{"start":{"line":25,"column":2},"end":{"line":37,"column":4}}},"fnMap":{"0":{"name":"(anonymous_0)","decl":{"start":{"line":3,"column":23},"end":{"line":3,"column":24}},"loc":{"start":{"line":3,"column":76},"end":{"line":38,"column":1}},"line":3},"1":{"name":"(anonymous_1)","decl":{"start":{"line":3,"column":61},"end":{"line":3,"column":62}},"loc":{"start":{"line":3,"column":67},"end":{"line":3,"column":69}},"line":3},"2":{"name":"(anonymous_2)","decl":{"start":{"line":6,"column":29},"end":{"line":6,"column":30}},"loc":{"start":{"line":6,"column":40},"end":{"line":23,"column":3}},"line":6}},"branchMap":{"0":{"loc":{"start":{"line":3,"column":45},"end":{"line":3,"column":69}},"type":"default-arg","locations":[{"start":{"line":3,"column":61},"end":{"line":3,"column":69}}],"line":3},"1":{"loc":{"start":{"line":12,"column":4},"end":{"line":22,"column":5}},"type":"if","locations":[{"start":{"line":12,"column":4},"end":{"line":22,"column":5}},{"start":{"line":17,"column":11},"end":{"line":22,"column":5}}],"line":12},"2":{"loc":{"start":{"line":12,"column":8},"end":{"line":12,"column":44}},"type":"binary-expr","locations":[{"start":{"line":12,"column":8},"end":{"line":12,"column":20}},{"start":{"line":12,"column":24},"end":{"line":12,"column":44}}],"line":12}},"s":{"0":7,"1":71,"2":71,"3":16,"4":16,"5":16,"6":16,"7":0,"8":0,"9":16,"10":16,"11":16,"12":71},"f":{"0":71,"1":4,"2":16},"b":{"0":[7],"1":[0,16],"2":[16,16]},"_coverageSchema":"1a1c01bbd47fc00a2c39e90264f33305004495a9","hash":"d333816e401c43f650178941e1c26837813fd1ca"}
}
