TN:
SF:src/App.jsx
FN:10,(anonymous_0)
FN:16,(anonymous_1)
FN:20,(anonymous_2)
FN:26,(anonymous_3)
FNF:4
FNH:4
FNDA:38,(anonymous_0)
FNDA:18,(anonymous_1)
FNDA:18,(anonymous_2)
FNDA:32,(anonymous_3)
DA:10,4
DA:11,38
DA:12,36
DA:13,36
DA:14,36
DA:16,36
DA:17,18
DA:20,36
DA:21,18
DA:24,18
DA:27,32
DA:32,18
DA:33,18
DA:36,36
LF:14
LH:14
BRDA:24,0,0,17
BRDA:24,0,1,1
BRDA:27,1,0,32
BRDA:27,1,1,31
BRF:4
BRH:4
end_of_record
TN:
SF:src/api.js
FN:13,(anonymous_0)
FN:14,(anonymous_1)
FN:20,(anonymous_2)
FN:29,(anonymous_3)
FN:45,(anonymous_4)
FN:59,(anonymous_5)
FN:84,(anonymous_6)
FNF:7
FNH:3
FNDA:19,(anonymous_0)
FNDA:608,(anonymous_1)
FNDA:0,(anonymous_2)
FNDA:0,(anonymous_3)
FNDA:0,(anonymous_4)
FNDA:0,(anonymous_5)
FNDA:26,(anonymous_6)
DA:3,5
DA:13,5
DA:14,608
DA:15,19
DA:16,19
DA:20,5
DA:21,0
DA:24,0
DA:25,0
DA:29,5
DA:31,0
DA:32,0
DA:37,0
DA:39,0
DA:40,0
DA:45,5
DA:46,0
DA:47,0
DA:52,0
DA:53,0
DA:55,0
DA:59,5
DA:60,0
DA:61,0
DA:63,0
DA:64,0
DA:65,0
DA:66,0
DA:67,0
DA:68,0
DA:71,0
DA:72,0
DA:73,0
DA:75,0
DA:77,0
DA:84,5
DA:85,26
DA:86,26
DA:89,0
DA:91,0
DA:92,0
DA:94,0
DA:97,0
DA:98,0
DA:99,0
DA:100,0
DA:101,0
LF:47
LH:12
BRDA:31,0,0,0
BRDA:31,0,1,0
BRDA:31,1,0,0
BRDA:31,1,1,0
BRDA:53,2,0,0
BRDA:53,2,1,0
BRDA:61,3,0,0
BRDA:61,3,1,0
BRDA:63,4,0,0
BRDA:63,4,1,0
BRDA:63,5,0,0
BRDA:63,5,1,0
BRDA:67,6,0,0
BRDA:67,6,1,0
BRDA:75,7,0,0
BRDA:75,7,1,0
BRDA:85,8,0,26
BRDA:85,8,1,0
BRDA:91,9,0,0
BRDA:91,9,1,0
BRDA:99,10,0,0
BRDA:99,10,1,0
BRF:22
BRH:1
end_of_record
TN:
SF:src/mock-data.js
FNF:0
FNH:0
DA:1,5
LF:1
LH:1
BRF:0
BRH:0
end_of_record
TN:
SF:src/components/CitySearch.jsx
FN:3,(anonymous_0)
FN:8,(anonymous_1)
FN:12,(anonymous_2)
FN:22,(anonymous_3)
FN:35,(anonymous_4)
FN:50,(anonymous_5)
FN:54,(anonymous_6)
FNF:7
FNH:7
FNDA:87,(anonymous_0)
FNDA:33,(anonymous_1)
FNDA:10,(anonymous_2)
FNDA:27,(anonymous_3)
FNDA:3,(anonymous_4)
FNDA:3,(anonymous_5)
FNDA:21,(anonymous_6)
DA:3,4
DA:4,87
DA:5,87
DA:6,87
DA:8,87
DA:9,33
DA:12,87
DA:13,10
DA:14,10
DA:15,10
DA:18,10
DA:19,1
DA:20,1
DA:22,9
DA:23,27
DA:25,9
DA:27,9
DA:28,9
DA:30,0
DA:35,87
DA:36,3
DA:37,3
DA:38,3
DA:39,3
DA:42,87
DA:50,3
DA:55,21
LF:27
LH:26
BRDA:18,0,0,1
BRDA:18,0,1,9
BRDA:23,1,0,27
BRDA:23,1,1,27
BRDA:27,2,0,9
BRDA:27,2,1,0
BRDA:52,3,0,87
BRDA:52,3,1,14
BRF:8
BRH:7
end_of_record
TN:
SF:src/components/Event.jsx
FN:4,(anonymous_0)
FN:9,(anonymous_1)
FN:27,(anonymous_2)
FNF:3
FNH:3
FNDA:454,(anonymous_0)
FNDA:454,(anonymous_1)
FNDA:3,(anonymous_2)
DA:4,5
DA:5,454
DA:7,454
DA:9,454
DA:10,454
DA:11,446
DA:12,446
DA:13,446
DA:15,0
DA:16,0
DA:20,454
DA:27,3
DA:42,5
LF:13
LH:11
BRDA:4,0,0,0
BRDA:10,1,0,8
BRDA:10,1,1,446
BRDA:22,2,0,454
BRDA:22,2,1,8
BRDA:24,3,0,454
BRDA:24,3,1,20
BRDA:29,4,0,2
BRDA:29,4,1,452
BRDA:32,5,0,454
BRDA:32,5,1,2
BRDA:35,6,0,2
BRDA:35,6,1,0
BRF:13
BRH:11
end_of_record
TN:
SF:src/components/EventList.jsx
FN:4,(anonymous_0)
FN:7,(anonymous_1)
FNF:2
FNH:2
FNDA:39,(anonymous_0)
FNDA:444,(anonymous_1)
DA:4,4
DA:5,39
DA:8,444
LF:3
LH:3
BRDA:4,0,0,1
BRF:1
BRH:1
end_of_record
TN:
SF:src/components/NumberOfEvents.jsx
FN:3,(anonymous_0)
FN:6,(anonymous_1)
FNF:2
FNH:2
FNDA:43,(anonymous_0)
FNDA:12,(anonymous_1)
DA:3,4
DA:4,43
DA:6,43
DA:7,12
DA:8,12
DA:9,12
DA:12,43
LF:7
LH:7
BRF:0
BRH:0
end_of_record
