TN:
SF:src/App.jsx
FN:12,(anonymous_0)
FN:21,(anonymous_1)
FN:22,(anonymous_2)
FN:26,(anonymous_3)
FNF:4
FNH:4
FNDA:81,(anonymous_0)
FNDA:31,(anonymous_1)
FNDA:31,(anonymous_2)
FNDA:96,(anonymous_3)
DA:12,7
DA:13,81
DA:14,76
DA:15,76
DA:16,76
DA:17,76
DA:18,76
DA:19,76
DA:21,76
DA:22,31
DA:23,31
DA:24,31
DA:27,96
DA:30,31
DA:31,31
DA:34,31
DA:35,31
DA:37,0
DA:40,31
DA:43,76
LF:20
LH:19
BRDA:24,0,0,28
BRDA:24,0,1,3
BRDA:27,1,0,96
BRDA:27,1,1,93
BRDA:34,2,0,31
BRDA:34,2,1,0
BRDA:47,3,0,0
BRDA:47,3,1,76
BRDA:48,4,0,0
BRDA:48,4,1,76
BRDA:49,5,0,0
BRDA:49,5,1,76
BRF:12
BRH:8
end_of_record
TN:
SF:src/mock-data.js
FNF:0
FNH:0
DA:1,10
LF:1
LH:1
BRF:0
BRH:0
end_of_record
TN:
SF:src/components/CityEventsChart.jsx
FN:12,(anonymous_0)
FN:15,(anonymous_1)
FN:19,(anonymous_2)
FN:25,(anonymous_3)
FN:26,(anonymous_4)
FN:28,(anonymous_5)
FNF:6
FNH:6
FNDA:6,(anonymous_0)
FNDA:3,(anonymous_1)
FNDA:3,(anonymous_2)
FNDA:3,(anonymous_3)
FNDA:2,(anonymous_4)
FNDA:64,(anonymous_5)
DA:12,1
DA:13,6
DA:15,6
DA:16,3
DA:19,6
DA:20,3
DA:21,1
DA:24,2
DA:25,3
DA:27,2
DA:28,64
DA:30,2
DA:31,2
DA:33,2
DA:37,6
DA:38,5
DA:41,1
LF:17
LH:17
BRDA:20,0,0,1
BRDA:20,0,1,2
BRDA:20,1,0,3
BRDA:20,1,1,3
BRDA:25,2,0,3
BRDA:25,2,1,2
BRDA:37,3,0,5
BRDA:37,3,1,1
BRF:8
BRH:8
end_of_record
TN:
SF:src/components/CitySearch.jsx
FN:3,(anonymous_0)
FN:9,(anonymous_1)
FN:13,(anonymous_2)
FN:23,(anonymous_3)
FN:43,(anonymous_4)
FN:59,(anonymous_5)
FN:63,(anonymous_6)
FNF:7
FNH:7
FNDA:147,(anonymous_0)
FNDA:54,(anonymous_1)
FNDA:22,(anonymous_2)
FNDA:63,(anonymous_3)
FNDA:4,(anonymous_4)
FNDA:5,(anonymous_5)
FNDA:47,(anonymous_6)
DA:3,7
DA:4,147
DA:5,147
DA:6,147
DA:9,147
DA:10,54
DA:13,147
DA:14,22
DA:15,22
DA:16,22
DA:19,22
DA:20,1
DA:21,1
DA:23,21
DA:24,63
DA:26,21
DA:28,21
DA:29,21
DA:31,0
DA:34,21
DA:35,0
DA:37,21
DA:39,21
DA:43,147
DA:44,4
DA:45,4
DA:46,4
DA:47,4
DA:48,4
DA:51,147
DA:59,5
DA:64,47
LF:32
LH:30
BRDA:19,0,0,1
BRDA:19,0,1,21
BRDA:24,1,0,63
BRDA:24,1,1,51
BRDA:28,2,0,21
BRDA:28,2,1,0
BRDA:34,3,0,0
BRDA:34,3,1,21
BRDA:61,4,0,147
BRDA:61,4,1,33
BRF:10
BRH:8
end_of_record
TN:
SF:src/components/Event.jsx
FN:4,(anonymous_0)
FN:9,(anonymous_1)
FN:29,(anonymous_2)
FNF:3
FNH:3
FNDA:819,(anonymous_0)
FNDA:819,(anonymous_1)
FNDA:6,(anonymous_2)
DA:4,8
DA:5,819
DA:7,819
DA:9,819
DA:10,819
DA:11,811
DA:12,811
DA:13,811
DA:15,0
DA:16,0
DA:20,819
DA:29,6
DA:44,8
LF:13
LH:11
BRDA:4,0,0,0
BRDA:10,1,0,8
BRDA:10,1,1,811
BRDA:23,2,0,819
BRDA:23,2,1,8
BRDA:25,3,0,819
BRDA:25,3,1,30
BRDA:31,4,0,4
BRDA:31,4,1,815
BRDA:34,5,0,819
BRDA:34,5,1,4
BRDA:37,6,0,4
BRDA:37,6,1,0
BRF:13
BRH:11
end_of_record
TN:
SF:src/components/EventGenresChart.jsx
FN:11,(anonymous_0)
FN:15,(anonymous_1)
FN:19,(anonymous_2)
FN:22,(anonymous_3)
FN:23,(anonymous_4)
FN:34,(anonymous_5)
FNF:6
FNH:5
FNDA:12,(anonymous_0)
FNDA:6,(anonymous_1)
FNDA:6,(anonymous_2)
FNDA:15,(anonymous_3)
FNDA:345,(anonymous_4)
FNDA:0,(anonymous_5)
DA:11,1
DA:12,12
DA:13,12
DA:15,12
DA:16,6
DA:19,12
DA:20,6
DA:22,3
DA:23,15
DA:24,345
DA:26,15
DA:31,3
DA:34,12
DA:35,0
DA:36,0
DA:37,0
DA:38,0
DA:39,0
DA:52,12
LF:19
LH:14
BRDA:20,0,0,3
BRDA:20,0,1,3
BRDA:20,1,0,6
BRDA:20,1,1,5
BRDA:24,2,0,345
BRDA:24,2,1,345
BRDA:39,3,0,0
BRDA:39,3,1,0
BRDA:44,4,0,0
BRDA:44,4,1,0
BRF:10
BRH:6
end_of_record
TN:
SF:src/components/EventList.jsx
FN:4,(anonymous_0)
FN:7,(anonymous_1)
FNF:2
FNH:2
FNDA:65,(anonymous_0)
FNDA:806,(anonymous_1)
DA:4,7
DA:5,65
DA:8,806
LF:3
LH:3
BRDA:4,0,0,1
BRF:1
BRH:1
end_of_record
TN:
SF:src/components/NumberOfEvents.jsx
FN:3,(anonymous_0)
FN:3,(anonymous_1)
FN:6,(anonymous_2)
FNF:3
FNH:3
FNDA:76,(anonymous_0)
FNDA:4,(anonymous_1)
FNDA:20,(anonymous_2)
DA:3,7
DA:4,76
DA:6,76
DA:7,20
DA:8,20
DA:9,20
DA:12,20
DA:13,3
DA:15,3
DA:18,17
DA:20,17
DA:21,17
DA:25,76
LF:13
LH:13
BRDA:3,0,0,7
BRDA:12,1,0,3
BRDA:12,1,1,17
BRDA:12,2,0,20
BRDA:12,2,1,19
BRF:5
BRH:5
end_of_record
